
----------2024年9月2日(月) 7時37分23.379秒----------
Error: input expected a batch of elements where each example has shape [3381] (i.e.,tensor shape [*,3381]) but the input received an input with 3381 examples, each with shape [2] (tensor shape [3381,2])
    at new ValueError (E:\GitHub\uma_project\node_modules\@tensorflow\tfjs-layers\dist\tf-layers.node.js:273:28)
    at standardizeInputData (E:\GitHub\uma_project\node_modules\@tensorflow\tfjs-layers\dist\tf-layers.node.js:23572:31)
    at <anonymous> (E:\GitHub\uma_project\node_modules\@tensorflow\tfjs-layers\dist\tf-layers.node.js:24457:13)
    at <anonymous> (E:\GitHub\uma_project\node_modules\@tensorflow\tfjs-layers\dist\tf-layers.node.js:24479:42)
    at step (E:\GitHub\uma_project\node_modules\@tensorflow\tfjs-layers\dist\tf-layers.node.js:159:27)
    at <anonymous> (E:\GitHub\uma_project\node_modules\@tensorflow\tfjs-layers\dist\tf-layers.node.js:108:53)
    at <anonymous> (E:\GitHub\uma_project\node_modules\@tensorflow\tfjs-layers\dist\tf-layers.node.js:101:71)
    at new Promise (:1:11)
    at __awaiter (E:\GitHub\uma_project\node_modules\@tensorflow\tfjs-layers\dist\tf-layers.node.js:87:27)
    at <anonymous> (E:\GitHub\uma_project\node_modules\@tensorflow\tfjs-layers\dist\tf-layers.node.js:24474:16)

----------2024年9月2日(月) 7時39分34.116秒----------
Error: input expected a batch of elements where each example has shape [3381] (i.e.,tensor shape [*,3381]) but the input received an input with 3381 examples, each with shape [2] (tensor shape [3381,2])
    at new ValueError (E:\GitHub\uma_project\node_modules\@tensorflow\tfjs-layers\dist\tf-layers.node.js:273:28)
    at standardizeInputData (E:\GitHub\uma_project\node_modules\@tensorflow\tfjs-layers\dist\tf-layers.node.js:23572:31)
    at <anonymous> (E:\GitHub\uma_project\node_modules\@tensorflow\tfjs-layers\dist\tf-layers.node.js:24457:13)
    at <anonymous> (E:\GitHub\uma_project\node_modules\@tensorflow\tfjs-layers\dist\tf-layers.node.js:24479:42)
    at step (E:\GitHub\uma_project\node_modules\@tensorflow\tfjs-layers\dist\tf-layers.node.js:159:27)
    at <anonymous> (E:\GitHub\uma_project\node_modules\@tensorflow\tfjs-layers\dist\tf-layers.node.js:108:53)
    at <anonymous> (E:\GitHub\uma_project\node_modules\@tensorflow\tfjs-layers\dist\tf-layers.node.js:101:71)
    at new Promise (:1:11)
    at __awaiter (E:\GitHub\uma_project\node_modules\@tensorflow\tfjs-layers\dist\tf-layers.node.js:87:27)
    at <anonymous> (E:\GitHub\uma_project\node_modules\@tensorflow\tfjs-layers\dist\tf-layers.node.js:24474:16)

----------2024年9月2日(月) 7時40分17.197秒----------
Error: input expected a batch of elements where each example has shape [3381] (i.e.,tensor shape [*,3381]) but the input received an input with 3381 examples, each with shape [2] (tensor shape [3381,2])
    at new ValueError (E:\GitHub\uma_project\node_modules\@tensorflow\tfjs-layers\dist\tf-layers.node.js:273:28)
    at standardizeInputData (E:\GitHub\uma_project\node_modules\@tensorflow\tfjs-layers\dist\tf-layers.node.js:23572:31)
    at <anonymous> (E:\GitHub\uma_project\node_modules\@tensorflow\tfjs-layers\dist\tf-layers.node.js:24457:13)
    at <anonymous> (E:\GitHub\uma_project\node_modules\@tensorflow\tfjs-layers\dist\tf-layers.node.js:24479:42)
    at step (E:\GitHub\uma_project\node_modules\@tensorflow\tfjs-layers\dist\tf-layers.node.js:159:27)
    at <anonymous> (E:\GitHub\uma_project\node_modules\@tensorflow\tfjs-layers\dist\tf-layers.node.js:108:53)
    at <anonymous> (E:\GitHub\uma_project\node_modules\@tensorflow\tfjs-layers\dist\tf-layers.node.js:101:71)
    at new Promise (:1:11)
    at __awaiter (E:\GitHub\uma_project\node_modules\@tensorflow\tfjs-layers\dist\tf-layers.node.js:87:27)
    at <anonymous> (E:\GitHub\uma_project\node_modules\@tensorflow\tfjs-layers\dist\tf-layers.node.js:24474:16)

----------2024年9月2日(月) 7時41分27.746秒----------
Error: input expected a batch of elements where each example has shape [3381] (i.e.,tensor shape [*,3381]) but the input received an input with 3381 examples, each with shape [2] (tensor shape [3381,2])
    at new ValueError (E:\GitHub\uma_project\node_modules\@tensorflow\tfjs-layers\dist\tf-layers.node.js:273:28)
    at standardizeInputData (E:\GitHub\uma_project\node_modules\@tensorflow\tfjs-layers\dist\tf-layers.node.js:23572:31)
    at <anonymous> (E:\GitHub\uma_project\node_modules\@tensorflow\tfjs-layers\dist\tf-layers.node.js:24457:13)
    at <anonymous> (E:\GitHub\uma_project\node_modules\@tensorflow\tfjs-layers\dist\tf-layers.node.js:24479:42)
    at step (E:\GitHub\uma_project\node_modules\@tensorflow\tfjs-layers\dist\tf-layers.node.js:159:27)
    at <anonymous> (E:\GitHub\uma_project\node_modules\@tensorflow\tfjs-layers\dist\tf-layers.node.js:108:53)
    at <anonymous> (E:\GitHub\uma_project\node_modules\@tensorflow\tfjs-layers\dist\tf-layers.node.js:101:71)
    at new Promise (:1:11)
    at __awaiter (E:\GitHub\uma_project\node_modules\@tensorflow\tfjs-layers\dist\tf-layers.node.js:87:27)
    at <anonymous> (E:\GitHub\uma_project\node_modules\@tensorflow\tfjs-layers\dist\tf-layers.node.js:24474:16)
